2025-06-12 20:47:11 | INFO     | browser | setup_logger:53 | –õ–æ–≥–∏—Ä–æ–≤–∞–Ω–∏–µ –Ω–∞—Å—Ç—Ä–æ–µ–Ω–æ. –§–∞–π–ª –ª–æ–≥–æ–≤: logs/browser_20250612_204711.log
2025-06-12 20:47:11 | INFO     | browser | setup_logger:54 | ============================================================
2025-06-12 20:47:11 | INFO     | browser | main:214 | === –ó–ê–ü–£–°–ö –£–õ–¨–¢–†–ê-–°–û–í–†–ï–ú–ï–ù–ù–û–ì–û –ë–†–ê–£–ó–ï–†–ê v4.0.0 ===
2025-06-12 20:47:11 | INFO     | browser | main:218 | –≠—Ç–∞–ø 1: –ó–∞–≥—Ä—É–∑–∫–∞ VLESS URI
2025-06-12 20:47:11 | INFO     | browser | get_vless_uri:24 | –ó–∞–≥—Ä—É–∑–∫–∞ VLESS URI...
2025-06-12 20:47:11 | INFO     | browser | get_vless_uri:31 | VLESS URI –∑–∞–≥—Ä—É–∂–µ–Ω –∏–∑ vless.txt
2025-06-12 20:47:11 | INFO     | browser | get_vless_uri:44 | VLESS URI —É—Å–ø–µ—à–Ω–æ –∑–∞–≥—Ä—É–∂–µ–Ω (–¥–ª–∏–Ω–∞: 172 —Å–∏–º–≤–æ–ª–æ–≤)
2025-06-12 20:47:11 | INFO     | browser | main:224 | –≠—Ç–∞–ø 2: –ì–µ–Ω–µ—Ä–∞—Ü–∏—è –∫–æ–Ω—Ñ–∏–≥—É—Ä–∞—Ü–∏–∏
2025-06-12 20:47:11 | INFO     | browser | main:228 | –≠—Ç–∞–ø 3: –ù–∞—Å—Ç—Ä–æ–π–∫–∞ –ø—Ä–æ–∫—Å–∏
2025-06-12 20:47:11 | DEBUG    | browser | main:231 | –ü—Ä–æ–∫—Å–∏ –Ω–∞—Å—Ç—Ä–æ–µ–Ω: SOCKS5://127.0.0.1:1080
2025-06-12 20:47:11 | INFO     | browser | main:234 | –≠—Ç–∞–ø 4: –ó–∞–ø—É—Å–∫ Xray
2025-06-12 20:47:11 | INFO     | browser | main:238 | –û–∂–∏–¥–∞–Ω–∏–µ –∑–∞–ø—É—Å–∫–∞ Xray (2 —Å–µ–∫—É–Ω–¥—ã)...
2025-06-12 20:47:13 | INFO     | browser | main:243 | –≠—Ç–∞–ø 5: –ó–∞–ø—É—Å–∫ Ultra-Modern Browser v4.0.0...
2025-06-12 20:47:13 | INFO     | browser | main:247 | üé® –ü–æ–ø—ã—Ç–∫–∞ –∑–∞–ø—É—Å–∫–∞ ui_ultra_modern (Material Design 3)
2025-06-12 20:47:13 | INFO     | browser | start:131 | üöÄ –ó–∞–ø—É—Å–∫ –°–û–í–†–ï–ú–ï–ù–ù–û–ì–û –±—Ä–∞—É–∑–µ—Ä–∞ —Å TabManager...
2025-06-12 20:47:13 | INFO     | browser | start:138 | –ó–∞–≥—Ä—É–∂–µ–Ω–æ 2 –∑–∞–∫–ª–∞–¥–æ–∫
2025-06-12 20:47:13 | INFO     | browser | start:845 | –°–æ–∑–¥–∞–Ω–∏–µ ModernBrowserApi...
2025-06-12 20:47:13 | INFO     | browser | start:849 | –°–æ–∑–¥–∞–Ω–∏–µ —Å–æ–≤—Ä–µ–º–µ–Ω–Ω–æ–≥–æ webview –æ–∫–Ω–∞...
2025-06-12 20:47:13 | INFO     | browser | start:862 | API —Å–≤—è–∑–∞–Ω —Å –æ–∫–Ω–æ–º webview
2025-06-12 20:47:13 | INFO     | browser | start:864 | üé® –ó–∞–ø—É—Å–∫ —Å–æ–≤—Ä–µ–º–µ–Ω–Ω–æ–≥–æ –±—Ä–∞—É–∑–µ—Ä–∞ —Å Material Design 3...
2025-06-12 20:47:13 | DEBUG    | browser | start:876 | –ò—Å–ø–æ–ª—å–∑—É–µ–º legacy API pywebview 3.x
2025-06-12 20:47:13 | ERROR    | browser | log_exception:61 | –û–®–ò–ë–ö–ê –≤ webview.start: WebViewException: You must have either QT or GTK with Python extensions installed in order to use pywebview.
2025-06-12 20:47:13 | DEBUG    | browser | log_exception:63 | –ü–æ–ª–Ω—ã–π traceback:
Traceback (most recent call last):
  File "/var/home/tannim/hz/src/ui_ultra_modern.py", line 878, in start
    webview.start(debug=False, http_server=True)
  File "/var/data/python/lib/python3.12/site-packages/webview/__init__.py", line 176, in start
    guilib = initialize(gui)
             ^^^^^^^^^^^^^^^
  File "/var/data/python/lib/python3.12/site-packages/webview/guilib.py", line 124, in initialize
    raise WebViewException(
webview.errors.WebViewException: You must have either QT or GTK with Python extensions installed in order to use pywebview.

2025-06-12 20:47:13 | ERROR    | browser | log_exception:61 | –û–®–ò–ë–ö–ê –≤ ui_ultra_modern: WebViewException: You must have either QT or GTK with Python extensions installed in order to use pywebview.
2025-06-12 20:47:13 | DEBUG    | browser | log_exception:63 | –ü–æ–ª–Ω—ã–π traceback:
Traceback (most recent call last):
  File "/var/home/tannim/hz/main.py", line 249, in main
    ui_ultra_modern.start()
  File "/var/home/tannim/hz/src/ui_ultra_modern.py", line 878, in start
    webview.start(debug=False, http_server=True)
  File "/var/data/python/lib/python3.12/site-packages/webview/__init__.py", line 176, in start
    guilib = initialize(gui)
             ^^^^^^^^^^^^^^^
  File "/var/data/python/lib/python3.12/site-packages/webview/guilib.py", line 124, in initialize
    raise WebViewException(
webview.errors.WebViewException: You must have either QT or GTK with Python extensions installed in order to use pywebview.

2025-06-12 20:47:13 | INFO     | browser | main:254 | üîß Fallback –Ω–∞ ui_modern_fixed (Fixed Modern + Tabs)
2025-06-12 20:47:13 | INFO     | browser | start:118 | –ó–∞–ø—É—Å–∫ UI —Å –ø–æ–¥–¥–µ—Ä–∂–∫–æ–π –≤–∫–ª–∞–¥–æ–∫...
2025-06-12 20:47:13 | INFO     | browser | start:124 | –ó–∞–≥—Ä—É–∂–µ–Ω–æ 2 –∑–∞–∫–ª–∞–¥–æ–∫
2025-06-12 20:47:13 | INFO     | browser | start:655 | –°–æ–∑–¥–∞–Ω–∏–µ BrowserApi —Å TabManager...
2025-06-12 20:47:13 | INFO     | browser | start:659 | –°–æ–∑–¥–∞–Ω–∏–µ webview –æ–∫–Ω–∞...
2025-06-12 20:47:13 | INFO     | browser | start:671 | API —Å–≤—è–∑–∞–Ω —Å –æ–∫–Ω–æ–º webview
2025-06-12 20:47:13 | INFO     | browser | start:673 | –ó–∞–ø—É—Å–∫ –±—Ä–∞—É–∑–µ—Ä–∞ —Å —Å–æ–≤—Ä–µ–º–µ–Ω–Ω—ã–º –∏–Ω—Ç–µ—Ä—Ñ–µ–π—Å–æ–º...
2025-06-12 20:47:13 | DEBUG    | browser | start:685 | –ò—Å–ø–æ–ª—å–∑—É–µ–º legacy API pywebview 3.x
2025-06-12 20:47:13 | ERROR    | browser | log_exception:61 | –û–®–ò–ë–ö–ê –≤ webview.start: WebViewException: You must have either QT or GTK with Python extensions installed in order to use pywebview.
2025-06-12 20:47:13 | DEBUG    | browser | log_exception:63 | –ü–æ–ª–Ω—ã–π traceback:
Traceback (most recent call last):
  File "/var/home/tannim/hz/main.py", line 249, in main
    ui_ultra_modern.start()
  File "/var/home/tannim/hz/src/ui_ultra_modern.py", line 878, in start
    webview.start(debug=False, http_server=True)
  File "/var/data/python/lib/python3.12/site-packages/webview/__init__.py", line 176, in start
    guilib = initialize(gui)
             ^^^^^^^^^^^^^^^
  File "/var/data/python/lib/python3.12/site-packages/webview/guilib.py", line 124, in initialize
    raise WebViewException(
webview.errors.WebViewException: You must have either QT or GTK with Python extensions installed in order to use pywebview.

During handling of the above exception, another exception occurred:

Traceback (most recent call last):
  File "/var/home/tannim/hz/src/ui_modern_fixed.py", line 686, in start
    webview.start(debug=True, http_server=True)
  File "/var/data/python/lib/python3.12/site-packages/webview/__init__.py", line 176, in start
    guilib = initialize(gui)
             ^^^^^^^^^^^^^^^
  File "/var/data/python/lib/python3.12/site-packages/webview/guilib.py", line 124, in initialize
    raise WebViewException(
webview.errors.WebViewException: You must have either QT or GTK with Python extensions installed in order to use pywebview.

2025-06-12 20:47:13 | ERROR    | browser | log_exception:61 | –û–®–ò–ë–ö–ê –≤ ui_modern_fixed: WebViewException: You must have either QT or GTK with Python extensions installed in order to use pywebview.
2025-06-12 20:47:13 | DEBUG    | browser | log_exception:63 | –ü–æ–ª–Ω—ã–π traceback:
Traceback (most recent call last):
  File "/var/home/tannim/hz/main.py", line 249, in main
    ui_ultra_modern.start()
  File "/var/home/tannim/hz/src/ui_ultra_modern.py", line 878, in start
    webview.start(debug=False, http_server=True)
  File "/var/data/python/lib/python3.12/site-packages/webview/__init__.py", line 176, in start
    guilib = initialize(gui)
             ^^^^^^^^^^^^^^^
  File "/var/data/python/lib/python3.12/site-packages/webview/guilib.py", line 124, in initialize
    raise WebViewException(
webview.errors.WebViewException: You must have either QT or GTK with Python extensions installed in order to use pywebview.

During handling of the above exception, another exception occurred:

Traceback (most recent call last):
  File "/var/home/tannim/hz/main.py", line 256, in main
    ui_modern_fixed.start()
  File "/var/home/tannim/hz/src/ui_modern_fixed.py", line 686, in start
    webview.start(debug=True, http_server=True)
  File "/var/data/python/lib/python3.12/site-packages/webview/__init__.py", line 176, in start
    guilib = initialize(gui)
             ^^^^^^^^^^^^^^^
  File "/var/data/python/lib/python3.12/site-packages/webview/guilib.py", line 124, in initialize
    raise WebViewException(
webview.errors.WebViewException: You must have either QT or GTK with Python extensions installed in order to use pywebview.

2025-06-12 20:47:13 | INFO     | browser | main:261 | ‚ú® Fallback –Ω–∞ ui_modern (Gradient Design v4.0.0)
2025-06-12 20:47:13 | ERROR    | browser | log_exception:61 | –û–®–ò–ë–ö–ê –≤ ui_modern: WebViewException: You must have either QT or GTK with Python extensions installed in order to use pywebview.
2025-06-12 20:47:13 | DEBUG    | browser | log_exception:63 | –ü–æ–ª–Ω—ã–π traceback:
Traceback (most recent call last):
  File "/var/home/tannim/hz/main.py", line 249, in main
    ui_ultra_modern.start()
  File "/var/home/tannim/hz/src/ui_ultra_modern.py", line 878, in start
    webview.start(debug=False, http_server=True)
  File "/var/data/python/lib/python3.12/site-packages/webview/__init__.py", line 176, in start
    guilib = initialize(gui)
             ^^^^^^^^^^^^^^^
  File "/var/data/python/lib/python3.12/site-packages/webview/guilib.py", line 124, in initialize
    raise WebViewException(
webview.errors.WebViewException: You must have either QT or GTK with Python extensions installed in order to use pywebview.

During handling of the above exception, another exception occurred:

Traceback (most recent call last):
  File "/var/home/tannim/hz/main.py", line 256, in main
    ui_modern_fixed.start()
  File "/var/home/tannim/hz/src/ui_modern_fixed.py", line 686, in start
    webview.start(debug=True, http_server=True)
  File "/var/data/python/lib/python3.12/site-packages/webview/__init__.py", line 176, in start
    guilib = initialize(gui)
             ^^^^^^^^^^^^^^^
  File "/var/data/python/lib/python3.12/site-packages/webview/guilib.py", line 124, in initialize
    raise WebViewException(
webview.errors.WebViewException: You must have either QT or GTK with Python extensions installed in order to use pywebview.

During handling of the above exception, another exception occurred:

Traceback (most recent call last):
  File "/var/home/tannim/hz/main.py", line 263, in main
    ui_modern.start()
  File "/var/home/tannim/hz/src/ui_modern.py", line 413, in start
    webview.start(debug=True, http_server=True)
  File "/var/data/python/lib/python3.12/site-packages/webview/__init__.py", line 176, in start
    guilib = initialize(gui)
             ^^^^^^^^^^^^^^^
  File "/var/data/python/lib/python3.12/site-packages/webview/guilib.py", line 124, in initialize
    raise WebViewException(
webview.errors.WebViewException: You must have either QT or GTK with Python extensions installed in order to use pywebview.

2025-06-12 20:47:13 | INFO     | browser | main:268 | üîß Fallback –Ω–∞ ui (Basic UI v4.0.0)
2025-06-12 20:47:13 | INFO     | browser | create_webview_window_safe:108 | –°–æ–∑–¥–∞–Ω–∏–µ –æ–∫–Ω–∞ webview: Lightweight Browser with VLESS VPN
2025-06-12 20:47:13 | DEBUG    | browser | create_webview_window_safe:114 | PyWebview –ø–æ–¥–¥–µ—Ä–∂–∏–≤–∞–µ—Ç api –ø–∞—Ä–∞–º–µ—Ç—Ä: False
2025-06-12 20:47:13 | DEBUG    | browser | set_window:25 | –£—Å—Ç–∞–Ω–æ–≤–ª–µ–Ω–æ –æ–∫–Ω–æ webview: <webview.window.Window object at 0x7ff4dcbafda0>
2025-06-12 20:47:13 | DEBUG    | browser | start_webview_safe:147 | –ó–∞–ø—É—Å–∫ —Å legacy API pywebview 3.x
2025-06-12 20:47:13 | ERROR    | browser | log_exception:61 | –û–®–ò–ë–ö–ê –≤ start_webview_safe: WebViewException: You must have either QT or GTK with Python extensions installed in order to use pywebview.
2025-06-12 20:47:13 | DEBUG    | browser | log_exception:63 | –ü–æ–ª–Ω—ã–π traceback:
Traceback (most recent call last):
  File "/var/home/tannim/hz/main.py", line 249, in main
    ui_ultra_modern.start()
  File "/var/home/tannim/hz/src/ui_ultra_modern.py", line 878, in start
    webview.start(debug=False, http_server=True)
  File "/var/data/python/lib/python3.12/site-packages/webview/__init__.py", line 176, in start
    guilib = initialize(gui)
             ^^^^^^^^^^^^^^^
  File "/var/data/python/lib/python3.12/site-packages/webview/guilib.py", line 124, in initialize
    raise WebViewException(
webview.errors.WebViewException: You must have either QT or GTK with Python extensions installed in order to use pywebview.

During handling of the above exception, another exception occurred:

Traceback (most recent call last):
  File "/var/home/tannim/hz/main.py", line 256, in main
    ui_modern_fixed.start()
  File "/var/home/tannim/hz/src/ui_modern_fixed.py", line 686, in start
    webview.start(debug=True, http_server=True)
  File "/var/data/python/lib/python3.12/site-packages/webview/__init__.py", line 176, in start
    guilib = initialize(gui)
             ^^^^^^^^^^^^^^^
  File "/var/data/python/lib/python3.12/site-packages/webview/guilib.py", line 124, in initialize
    raise WebViewException(
webview.errors.WebViewException: You must have either QT or GTK with Python extensions installed in order to use pywebview.

During handling of the above exception, another exception occurred:

Traceback (most recent call last):
  File "/var/home/tannim/hz/main.py", line 263, in main
    ui_modern.start()
  File "/var/home/tannim/hz/src/ui_modern.py", line 413, in start
    webview.start(debug=True, http_server=True)
  File "/var/data/python/lib/python3.12/site-packages/webview/__init__.py", line 176, in start
    guilib = initialize(gui)
             ^^^^^^^^^^^^^^^
  File "/var/data/python/lib/python3.12/site-packages/webview/guilib.py", line 124, in initialize
    raise WebViewException(
webview.errors.WebViewException: You must have either QT or GTK with Python extensions installed in order to use pywebview.

During handling of the above exception, another exception occurred:

Traceback (most recent call last):
  File "/var/home/tannim/hz/src/base_api.py", line 148, in start_webview_safe
    webview.start(debug=False, http_server=True)
  File "/var/data/python/lib/python3.12/site-packages/webview/__init__.py", line 176, in start
    guilib = initialize(gui)
             ^^^^^^^^^^^^^^^
  File "/var/data/python/lib/python3.12/site-packages/webview/guilib.py", line 124, in initialize
    raise WebViewException(
webview.errors.WebViewException: You must have either QT or GTK with Python extensions installed in order to use pywebview.

2025-06-12 20:47:13 | ERROR    | browser | log_exception:61 | –û–®–ò–ë–ö–ê –≤ ui: WebViewException: You must have either QT or GTK with Python extensions installed in order to use pywebview.
2025-06-12 20:47:13 | DEBUG    | browser | log_exception:63 | –ü–æ–ª–Ω—ã–π traceback:
Traceback (most recent call last):
  File "/var/home/tannim/hz/main.py", line 249, in main
    ui_ultra_modern.start()
  File "/var/home/tannim/hz/src/ui_ultra_modern.py", line 878, in start
    webview.start(debug=False, http_server=True)
  File "/var/data/python/lib/python3.12/site-packages/webview/__init__.py", line 176, in start
    guilib = initialize(gui)
             ^^^^^^^^^^^^^^^
  File "/var/data/python/lib/python3.12/site-packages/webview/guilib.py", line 124, in initialize
    raise WebViewException(
webview.errors.WebViewException: You must have either QT or GTK with Python extensions installed in order to use pywebview.

During handling of the above exception, another exception occurred:

Traceback (most recent call last):
  File "/var/home/tannim/hz/main.py", line 256, in main
    ui_modern_fixed.start()
  File "/var/home/tannim/hz/src/ui_modern_fixed.py", line 686, in start
    webview.start(debug=True, http_server=True)
  File "/var/data/python/lib/python3.12/site-packages/webview/__init__.py", line 176, in start
    guilib = initialize(gui)
             ^^^^^^^^^^^^^^^
  File "/var/data/python/lib/python3.12/site-packages/webview/guilib.py", line 124, in initialize
    raise WebViewException(
webview.errors.WebViewException: You must have either QT or GTK with Python extensions installed in order to use pywebview.

During handling of the above exception, another exception occurred:

Traceback (most recent call last):
  File "/var/home/tannim/hz/main.py", line 263, in main
    ui_modern.start()
  File "/var/home/tannim/hz/src/ui_modern.py", line 413, in start
    webview.start(debug=True, http_server=True)
  File "/var/data/python/lib/python3.12/site-packages/webview/__init__.py", line 176, in start
    guilib = initialize(gui)
             ^^^^^^^^^^^^^^^
  File "/var/data/python/lib/python3.12/site-packages/webview/guilib.py", line 124, in initialize
    raise WebViewException(
webview.errors.WebViewException: You must have either QT or GTK with Python extensions installed in order to use pywebview.

During handling of the above exception, another exception occurred:

Traceback (most recent call last):
  File "/var/home/tannim/hz/main.py", line 270, in main
    ui.start()
  File "/var/home/tannim/hz/src/ui.py", line 194, in start
    start_webview_safe(api, supports_api_param)
  File "/var/home/tannim/hz/src/base_api.py", line 148, in start_webview_safe
    webview.start(debug=False, http_server=True)
  File "/var/data/python/lib/python3.12/site-packages/webview/__init__.py", line 176, in start
    guilib = initialize(gui)
             ^^^^^^^^^^^^^^^
  File "/var/data/python/lib/python3.12/site-packages/webview/guilib.py", line 124, in initialize
    raise WebViewException(
webview.errors.WebViewException: You must have either QT or GTK with Python extensions installed in order to use pywebview.

2025-06-12 20:47:13 | INFO     | browser | main:275 | üõ°Ô∏è Fallback –Ω–∞ ui_simple (Tkinter Fallback)
