2025-06-12 20:38:19 | INFO     | browser | setup_logger:53 | –õ–æ–≥–∏—Ä–æ–≤–∞–Ω–∏–µ –Ω–∞—Å—Ç—Ä–æ–µ–Ω–æ. –§–∞–π–ª –ª–æ–≥–æ–≤: logs/browser_20250612_203819.log
2025-06-12 20:38:19 | INFO     | browser | setup_logger:54 | ============================================================
2025-06-12 20:38:19 | INFO     | browser | main:215 | === –ó–ê–ü–£–°–ö –õ–Å–ì–ö–û–ì–û –ë–†–ê–£–ó–ï–†–ê –° VLESS VPN ===
2025-06-12 20:38:19 | INFO     | browser | main:220 | –≠—Ç–∞–ø 1: –ó–∞–≥—Ä—É–∑–∫–∞ VLESS URI
2025-06-12 20:38:19 | INFO     | browser | get_vless_uri:24 | –ó–∞–≥—Ä—É–∑–∫–∞ VLESS URI...
2025-06-12 20:38:19 | INFO     | browser | get_vless_uri:31 | VLESS URI –∑–∞–≥—Ä—É–∂–µ–Ω –∏–∑ vless.txt
2025-06-12 20:38:19 | INFO     | browser | get_vless_uri:42 | VLESS URI –∑–∞–≥—Ä—É–∂–µ–Ω –∏–∑ –ø–µ—Ä–µ–º–µ–Ω–Ω–æ–π –æ–∫—Ä—É–∂–µ–Ω–∏—è
2025-06-12 20:38:19 | INFO     | browser | get_vless_uri:45 | VLESS URI —É—Å–ø–µ—à–Ω–æ –∑–∞–≥—Ä—É–∂–µ–Ω (–¥–ª–∏–Ω–∞: 172 —Å–∏–º–≤–æ–ª–æ–≤)
2025-06-12 20:38:19 | INFO     | browser | main:227 | –≠—Ç–∞–ø 2: –ì–µ–Ω–µ—Ä–∞—Ü–∏—è –∫–æ–Ω—Ñ–∏–≥—É—Ä–∞—Ü–∏–∏
2025-06-12 20:38:19 | INFO     | browser | main:231 | –≠—Ç–∞–ø 3: –ù–∞—Å—Ç—Ä–æ–π–∫–∞ –ø—Ä–æ–∫—Å–∏
2025-06-12 20:38:19 | DEBUG    | browser | main:234 | –ü—Ä–æ–∫—Å–∏ –Ω–∞—Å—Ç—Ä–æ–µ–Ω: SOCKS5://127.0.0.1:1080
2025-06-12 20:38:19 | INFO     | browser | main:237 | –≠—Ç–∞–ø 4: –ó–∞–ø—É—Å–∫ Xray
2025-06-12 20:38:19 | INFO     | browser | main:241 | –û–∂–∏–¥–∞–Ω–∏–µ –∑–∞–ø—É—Å–∫–∞ Xray (2 —Å–µ–∫—É–Ω–¥—ã)...
2025-06-12 20:38:21 | INFO     | browser | main:246 | –≠—Ç–∞–ø 5: –ó–∞–ø—É—Å–∫ –±—Ä–∞—É–∑–µ—Ä–∞...
2025-06-12 20:38:21 | INFO     | browser | main:250 | –ü–æ–ø—ã—Ç–∫–∞ –∑–∞–ø—É—Å–∫–∞ ui_ultra_modern
2025-06-12 20:38:21 | INFO     | browser | start:131 | üöÄ –ó–∞–ø—É—Å–∫ –°–û–í–†–ï–ú–ï–ù–ù–û–ì–û –±—Ä–∞—É–∑–µ—Ä–∞ —Å TabManager...
2025-06-12 20:38:21 | INFO     | browser | start:138 | –ó–∞–≥—Ä—É–∂–µ–Ω–æ 2 –∑–∞–∫–ª–∞–¥–æ–∫
2025-06-12 20:38:21 | INFO     | browser | start:845 | –°–æ–∑–¥–∞–Ω–∏–µ ModernBrowserApi...
2025-06-12 20:38:21 | INFO     | browser | start:849 | –°–æ–∑–¥–∞–Ω–∏–µ —Å–æ–≤—Ä–µ–º–µ–Ω–Ω–æ–≥–æ webview –æ–∫–Ω–∞...
2025-06-12 20:38:21 | INFO     | browser | start:862 | API —Å–≤—è–∑–∞–Ω —Å –æ–∫–Ω–æ–º webview
2025-06-12 20:38:21 | INFO     | browser | start:864 | üé® –ó–∞–ø—É—Å–∫ —Å–æ–≤—Ä–µ–º–µ–Ω–Ω–æ–≥–æ –±—Ä–∞—É–∑–µ—Ä–∞ —Å Material Design 3...
2025-06-12 20:38:21 | DEBUG    | browser | start:876 | –ò—Å–ø–æ–ª—å–∑—É–µ–º legacy API pywebview 3.x
2025-06-12 20:38:21 | ERROR    | browser | log_exception:61 | –û–®–ò–ë–ö–ê –≤ webview.start: WebViewException: You must have either QT or GTK with Python extensions installed in order to use pywebview.
2025-06-12 20:38:21 | DEBUG    | browser | log_exception:63 | –ü–æ–ª–Ω—ã–π traceback:
Traceback (most recent call last):
  File "/var/home/tannim/hz/src/ui_ultra_modern.py", line 878, in start
    webview.start(debug=False, http_server=True)
  File "/var/data/python/lib/python3.12/site-packages/webview/__init__.py", line 176, in start
    guilib = initialize(gui)
             ^^^^^^^^^^^^^^^
  File "/var/data/python/lib/python3.12/site-packages/webview/guilib.py", line 124, in initialize
    raise WebViewException(
webview.errors.WebViewException: You must have either QT or GTK with Python extensions installed in order to use pywebview.

2025-06-12 20:38:21 | ERROR    | browser | log_exception:61 | –û–®–ò–ë–ö–ê –≤ ui_ultra_modern: WebViewException: You must have either QT or GTK with Python extensions installed in order to use pywebview.
2025-06-12 20:38:21 | DEBUG    | browser | log_exception:63 | –ü–æ–ª–Ω—ã–π traceback:
Traceback (most recent call last):
  File "/var/home/tannim/hz/main_windows_compatible.py", line 253, in main
    ui_ultra_modern.start()
  File "/var/home/tannim/hz/src/ui_ultra_modern.py", line 878, in start
    webview.start(debug=False, http_server=True)
  File "/var/data/python/lib/python3.12/site-packages/webview/__init__.py", line 176, in start
    guilib = initialize(gui)
             ^^^^^^^^^^^^^^^
  File "/var/data/python/lib/python3.12/site-packages/webview/guilib.py", line 124, in initialize
    raise WebViewException(
webview.errors.WebViewException: You must have either QT or GTK with Python extensions installed in order to use pywebview.

2025-06-12 20:38:21 | INFO     | browser | main:259 | Fallback –Ω–∞ ui_modern_fixed
2025-06-12 20:38:21 | INFO     | browser | start:118 | –ó–∞–ø—É—Å–∫ UI —Å –ø–æ–¥–¥–µ—Ä–∂–∫–æ–π –≤–∫–ª–∞–¥–æ–∫...
2025-06-12 20:38:21 | INFO     | browser | start:124 | –ó–∞–≥—Ä—É–∂–µ–Ω–æ 2 –∑–∞–∫–ª–∞–¥–æ–∫
2025-06-12 20:38:21 | INFO     | browser | start:655 | –°–æ–∑–¥–∞–Ω–∏–µ BrowserApi —Å TabManager...
2025-06-12 20:38:21 | INFO     | browser | start:659 | –°–æ–∑–¥–∞–Ω–∏–µ webview –æ–∫–Ω–∞...
2025-06-12 20:38:21 | INFO     | browser | start:671 | API —Å–≤—è–∑–∞–Ω —Å –æ–∫–Ω–æ–º webview
2025-06-12 20:38:21 | INFO     | browser | start:673 | –ó–∞–ø—É—Å–∫ –±—Ä–∞—É–∑–µ—Ä–∞ —Å —Å–æ–≤—Ä–µ–º–µ–Ω–Ω—ã–º –∏–Ω—Ç–µ—Ä—Ñ–µ–π—Å–æ–º...
2025-06-12 20:38:21 | DEBUG    | browser | start:685 | –ò—Å–ø–æ–ª—å–∑—É–µ–º legacy API pywebview 3.x
2025-06-12 20:38:21 | ERROR    | browser | log_exception:61 | –û–®–ò–ë–ö–ê –≤ webview.start: WebViewException: You must have either QT or GTK with Python extensions installed in order to use pywebview.
2025-06-12 20:38:21 | DEBUG    | browser | log_exception:63 | –ü–æ–ª–Ω—ã–π traceback:
Traceback (most recent call last):
  File "/var/home/tannim/hz/main_windows_compatible.py", line 253, in main
    ui_ultra_modern.start()
  File "/var/home/tannim/hz/src/ui_ultra_modern.py", line 878, in start
    webview.start(debug=False, http_server=True)
  File "/var/data/python/lib/python3.12/site-packages/webview/__init__.py", line 176, in start
    guilib = initialize(gui)
             ^^^^^^^^^^^^^^^
  File "/var/data/python/lib/python3.12/site-packages/webview/guilib.py", line 124, in initialize
    raise WebViewException(
webview.errors.WebViewException: You must have either QT or GTK with Python extensions installed in order to use pywebview.

During handling of the above exception, another exception occurred:

Traceback (most recent call last):
  File "/var/home/tannim/hz/src/ui_modern_fixed.py", line 686, in start
    webview.start(debug=True, http_server=True)
  File "/var/data/python/lib/python3.12/site-packages/webview/__init__.py", line 176, in start
    guilib = initialize(gui)
             ^^^^^^^^^^^^^^^
  File "/var/data/python/lib/python3.12/site-packages/webview/guilib.py", line 124, in initialize
    raise WebViewException(
webview.errors.WebViewException: You must have either QT or GTK with Python extensions installed in order to use pywebview.

2025-06-12 20:38:21 | ERROR    | browser | log_exception:61 | –û–®–ò–ë–ö–ê –≤ ui_modern_fixed: WebViewException: You must have either QT or GTK with Python extensions installed in order to use pywebview.
2025-06-12 20:38:21 | DEBUG    | browser | log_exception:63 | –ü–æ–ª–Ω—ã–π traceback:
Traceback (most recent call last):
  File "/var/home/tannim/hz/main_windows_compatible.py", line 253, in main
    ui_ultra_modern.start()
  File "/var/home/tannim/hz/src/ui_ultra_modern.py", line 878, in start
    webview.start(debug=False, http_server=True)
  File "/var/data/python/lib/python3.12/site-packages/webview/__init__.py", line 176, in start
    guilib = initialize(gui)
             ^^^^^^^^^^^^^^^
  File "/var/data/python/lib/python3.12/site-packages/webview/guilib.py", line 124, in initialize
    raise WebViewException(
webview.errors.WebViewException: You must have either QT or GTK with Python extensions installed in order to use pywebview.

During handling of the above exception, another exception occurred:

Traceback (most recent call last):
  File "/var/home/tannim/hz/main_windows_compatible.py", line 262, in main
    ui_modern_fixed.start()
  File "/var/home/tannim/hz/src/ui_modern_fixed.py", line 686, in start
    webview.start(debug=True, http_server=True)
  File "/var/data/python/lib/python3.12/site-packages/webview/__init__.py", line 176, in start
    guilib = initialize(gui)
             ^^^^^^^^^^^^^^^
  File "/var/data/python/lib/python3.12/site-packages/webview/guilib.py", line 124, in initialize
    raise WebViewException(
webview.errors.WebViewException: You must have either QT or GTK with Python extensions installed in order to use pywebview.

2025-06-12 20:38:21 | INFO     | browser | main:268 | Fallback –Ω–∞ ui_modern
2025-06-12 20:38:21 | ERROR    | browser | log_exception:61 | –û–®–ò–ë–ö–ê –≤ ui_modern: WebViewException: You must have either QT or GTK with Python extensions installed in order to use pywebview.
2025-06-12 20:38:21 | DEBUG    | browser | log_exception:63 | –ü–æ–ª–Ω—ã–π traceback:
Traceback (most recent call last):
  File "/var/home/tannim/hz/main_windows_compatible.py", line 253, in main
    ui_ultra_modern.start()
  File "/var/home/tannim/hz/src/ui_ultra_modern.py", line 878, in start
    webview.start(debug=False, http_server=True)
  File "/var/data/python/lib/python3.12/site-packages/webview/__init__.py", line 176, in start
    guilib = initialize(gui)
             ^^^^^^^^^^^^^^^
  File "/var/data/python/lib/python3.12/site-packages/webview/guilib.py", line 124, in initialize
    raise WebViewException(
webview.errors.WebViewException: You must have either QT or GTK with Python extensions installed in order to use pywebview.

During handling of the above exception, another exception occurred:

Traceback (most recent call last):
  File "/var/home/tannim/hz/main_windows_compatible.py", line 262, in main
    ui_modern_fixed.start()
  File "/var/home/tannim/hz/src/ui_modern_fixed.py", line 686, in start
    webview.start(debug=True, http_server=True)
  File "/var/data/python/lib/python3.12/site-packages/webview/__init__.py", line 176, in start
    guilib = initialize(gui)
             ^^^^^^^^^^^^^^^
  File "/var/data/python/lib/python3.12/site-packages/webview/guilib.py", line 124, in initialize
    raise WebViewException(
webview.errors.WebViewException: You must have either QT or GTK with Python extensions installed in order to use pywebview.

During handling of the above exception, another exception occurred:

Traceback (most recent call last):
  File "/var/home/tannim/hz/main_windows_compatible.py", line 271, in main
    ui_modern.start()
  File "/var/home/tannim/hz/src/ui_modern.py", line 407, in start
    webview.start(debug=True, http_server=True)
  File "/var/data/python/lib/python3.12/site-packages/webview/__init__.py", line 176, in start
    guilib = initialize(gui)
             ^^^^^^^^^^^^^^^
  File "/var/data/python/lib/python3.12/site-packages/webview/guilib.py", line 124, in initialize
    raise WebViewException(
webview.errors.WebViewException: You must have either QT or GTK with Python extensions installed in order to use pywebview.

2025-06-12 20:38:21 | INFO     | browser | main:277 | Fallback –Ω–∞ ui
2025-06-12 20:38:21 | ERROR    | browser | log_exception:61 | –û–®–ò–ë–ö–ê –≤ ui: KeyError: ' if (e'
2025-06-12 20:38:21 | DEBUG    | browser | log_exception:63 | –ü–æ–ª–Ω—ã–π traceback:
Traceback (most recent call last):
  File "/var/home/tannim/hz/main_windows_compatible.py", line 253, in main
    ui_ultra_modern.start()
  File "/var/home/tannim/hz/src/ui_ultra_modern.py", line 878, in start
    webview.start(debug=False, http_server=True)
  File "/var/data/python/lib/python3.12/site-packages/webview/__init__.py", line 176, in start
    guilib = initialize(gui)
             ^^^^^^^^^^^^^^^
  File "/var/data/python/lib/python3.12/site-packages/webview/guilib.py", line 124, in initialize
    raise WebViewException(
webview.errors.WebViewException: You must have either QT or GTK with Python extensions installed in order to use pywebview.

During handling of the above exception, another exception occurred:

Traceback (most recent call last):
  File "/var/home/tannim/hz/main_windows_compatible.py", line 262, in main
    ui_modern_fixed.start()
  File "/var/home/tannim/hz/src/ui_modern_fixed.py", line 686, in start
    webview.start(debug=True, http_server=True)
  File "/var/data/python/lib/python3.12/site-packages/webview/__init__.py", line 176, in start
    guilib = initialize(gui)
             ^^^^^^^^^^^^^^^
  File "/var/data/python/lib/python3.12/site-packages/webview/guilib.py", line 124, in initialize
    raise WebViewException(
webview.errors.WebViewException: You must have either QT or GTK with Python extensions installed in order to use pywebview.

During handling of the above exception, another exception occurred:

Traceback (most recent call last):
  File "/var/home/tannim/hz/main_windows_compatible.py", line 271, in main
    ui_modern.start()
  File "/var/home/tannim/hz/src/ui_modern.py", line 407, in start
    webview.start(debug=True, http_server=True)
  File "/var/data/python/lib/python3.12/site-packages/webview/__init__.py", line 176, in start
    guilib = initialize(gui)
             ^^^^^^^^^^^^^^^
  File "/var/data/python/lib/python3.12/site-packages/webview/guilib.py", line 124, in initialize
    raise WebViewException(
webview.errors.WebViewException: You must have either QT or GTK with Python extensions installed in order to use pywebview.

During handling of the above exception, another exception occurred:

Traceback (most recent call last):
  File "/var/home/tannim/hz/main_windows_compatible.py", line 280, in main
    ui.start()
  File "/var/home/tannim/hz/src/ui.py", line 38, in start
    """.format(start=start_url, options=options)
        ^^^^^^^^^^^^^^^^^^^^^^^^^^^^^^^^^^^^^^^^
KeyError: ' if (e'

2025-06-12 20:38:21 | INFO     | browser | main:286 | Fallback –Ω–∞ ui_simple
